<?xml version="1.0" encoding="UTF-8"?>
<testsuite xmlns:xsi="http://www.w3.org/2001/XMLSchema-instance" xsi:noNamespaceSchemaLocation="https://maven.apache.org/surefire/maven-surefire-plugin/xsd/surefire-test-report.xsd" name="com.example.abstractionapp.webserviceabstractionapp.WebserviceAbstractionAppApplicationTests" time="3.109" tests="1" errors="0" skipped="0" failures="0">
  <properties>
    <property name="java.specification.version" value="15"/>
    <property name="sun.jnu.encoding" value="UTF-8"/>
    <property name="java.class.path" value="/home/odey/IdeaProjects/webservice-abstraction-app/target/test-classes:/home/odey/IdeaProjects/webservice-abstraction-app/target/classes:/home/odey/.m2/repository/org/springframework/boot/spring-boot-starter/2.4.3/spring-boot-starter-2.4.3.jar:/home/odey/.m2/repository/org/springframework/boot/spring-boot/2.4.3/spring-boot-2.4.3.jar:/home/odey/.m2/repository/org/springframework/spring-context/5.3.4/spring-context-5.3.4.jar:/home/odey/.m2/repository/org/springframework/boot/spring-boot-autoconfigure/2.4.3/spring-boot-autoconfigure-2.4.3.jar:/home/odey/.m2/repository/org/springframework/boot/spring-boot-starter-logging/2.4.3/spring-boot-starter-logging-2.4.3.jar:/home/odey/.m2/repository/ch/qos/logback/logback-classic/1.2.3/logback-classic-1.2.3.jar:/home/odey/.m2/repository/ch/qos/logback/logback-core/1.2.3/logback-core-1.2.3.jar:/home/odey/.m2/repository/org/apache/logging/log4j/log4j-to-slf4j/2.13.3/log4j-to-slf4j-2.13.3.jar:/home/odey/.m2/repository/org/apache/logging/log4j/log4j-api/2.13.3/log4j-api-2.13.3.jar:/home/odey/.m2/repository/org/slf4j/jul-to-slf4j/1.7.30/jul-to-slf4j-1.7.30.jar:/home/odey/.m2/repository/jakarta/annotation/jakarta.annotation-api/1.3.5/jakarta.annotation-api-1.3.5.jar:/home/odey/.m2/repository/org/springframework/spring-core/5.3.4/spring-core-5.3.4.jar:/home/odey/.m2/repository/org/springframework/spring-jcl/5.3.4/spring-jcl-5.3.4.jar:/home/odey/.m2/repository/org/yaml/snakeyaml/1.27/snakeyaml-1.27.jar:/home/odey/.m2/repository/org/springframework/boot/spring-boot-starter-data-jpa/2.4.3/spring-boot-starter-data-jpa-2.4.3.jar:/home/odey/.m2/repository/org/springframework/boot/spring-boot-starter-aop/2.4.3/spring-boot-starter-aop-2.4.3.jar:/home/odey/.m2/repository/org/springframework/spring-aop/5.3.4/spring-aop-5.3.4.jar:/home/odey/.m2/repository/org/aspectj/aspectjweaver/1.9.6/aspectjweaver-1.9.6.jar:/home/odey/.m2/repository/org/springframework/boot/spring-boot-starter-jdbc/2.4.3/spring-boot-starter-jdbc-2.4.3.jar:/home/odey/.m2/repository/com/zaxxer/HikariCP/3.4.5/HikariCP-3.4.5.jar:/home/odey/.m2/repository/org/springframework/spring-jdbc/5.3.4/spring-jdbc-5.3.4.jar:/home/odey/.m2/repository/jakarta/transaction/jakarta.transaction-api/1.3.3/jakarta.transaction-api-1.3.3.jar:/home/odey/.m2/repository/jakarta/persistence/jakarta.persistence-api/2.2.3/jakarta.persistence-api-2.2.3.jar:/home/odey/.m2/repository/org/hibernate/hibernate-core/5.4.28.Final/hibernate-core-5.4.28.Final.jar:/home/odey/.m2/repository/org/jboss/logging/jboss-logging/3.4.1.Final/jboss-logging-3.4.1.Final.jar:/home/odey/.m2/repository/org/javassist/javassist/3.27.0-GA/javassist-3.27.0-GA.jar:/home/odey/.m2/repository/net/bytebuddy/byte-buddy/1.10.20/byte-buddy-1.10.20.jar:/home/odey/.m2/repository/antlr/antlr/2.7.7/antlr-2.7.7.jar:/home/odey/.m2/repository/org/jboss/jandex/2.2.3.Final/jandex-2.2.3.Final.jar:/home/odey/.m2/repository/com/fasterxml/classmate/1.5.1/classmate-1.5.1.jar:/home/odey/.m2/repository/org/dom4j/dom4j/2.1.3/dom4j-2.1.3.jar:/home/odey/.m2/repository/org/hibernate/common/hibernate-commons-annotations/5.1.2.Final/hibernate-commons-annotations-5.1.2.Final.jar:/home/odey/.m2/repository/org/glassfish/jaxb/jaxb-runtime/2.3.3/jaxb-runtime-2.3.3.jar:/home/odey/.m2/repository/org/glassfish/jaxb/txw2/2.3.3/txw2-2.3.3.jar:/home/odey/.m2/repository/com/sun/istack/istack-commons-runtime/3.0.11/istack-commons-runtime-3.0.11.jar:/home/odey/.m2/repository/com/sun/activation/jakarta.activation/1.2.2/jakarta.activation-1.2.2.jar:/home/odey/.m2/repository/org/springframework/data/spring-data-jpa/2.4.5/spring-data-jpa-2.4.5.jar:/home/odey/.m2/repository/org/springframework/data/spring-data-commons/2.4.5/spring-data-commons-2.4.5.jar:/home/odey/.m2/repository/org/springframework/spring-orm/5.3.4/spring-orm-5.3.4.jar:/home/odey/.m2/repository/org/springframework/spring-tx/5.3.4/spring-tx-5.3.4.jar:/home/odey/.m2/repository/org/springframework/spring-beans/5.3.4/spring-beans-5.3.4.jar:/home/odey/.m2/repository/org/slf4j/slf4j-api/1.7.30/slf4j-api-1.7.30.jar:/home/odey/.m2/repository/org/springframework/spring-aspects/5.3.4/spring-aspects-5.3.4.jar:/home/odey/.m2/repository/org/springframework/boot/spring-boot-starter-web/2.4.3/spring-boot-starter-web-2.4.3.jar:/home/odey/.m2/repository/org/springframework/boot/spring-boot-starter-json/2.4.3/spring-boot-starter-json-2.4.3.jar:/home/odey/.m2/repository/com/fasterxml/jackson/datatype/jackson-datatype-jdk8/2.11.4/jackson-datatype-jdk8-2.11.4.jar:/home/odey/.m2/repository/com/fasterxml/jackson/datatype/jackson-datatype-jsr310/2.11.4/jackson-datatype-jsr310-2.11.4.jar:/home/odey/.m2/repository/com/fasterxml/jackson/module/jackson-module-parameter-names/2.11.4/jackson-module-parameter-names-2.11.4.jar:/home/odey/.m2/repository/org/springframework/boot/spring-boot-starter-tomcat/2.4.3/spring-boot-starter-tomcat-2.4.3.jar:/home/odey/.m2/repository/org/apache/tomcat/embed/tomcat-embed-core/9.0.43/tomcat-embed-core-9.0.43.jar:/home/odey/.m2/repository/org/apache/tomcat/embed/tomcat-embed-websocket/9.0.43/tomcat-embed-websocket-9.0.43.jar:/home/odey/.m2/repository/org/springframework/spring-web/5.3.4/spring-web-5.3.4.jar:/home/odey/.m2/repository/org/springframework/spring-webmvc/5.3.4/spring-webmvc-5.3.4.jar:/home/odey/.m2/repository/org/springframework/spring-expression/5.3.4/spring-expression-5.3.4.jar:/home/odey/.m2/repository/org/mariadb/jdbc/mariadb-java-client/2.7.2/mariadb-java-client-2.7.2.jar:/home/odey/.m2/repository/mysql/mysql-connector-java/8.0.23/mysql-connector-java-8.0.23.jar:/home/odey/.m2/repository/org/springframework/boot/spring-boot-starter-test/2.4.3/spring-boot-starter-test-2.4.3.jar:/home/odey/.m2/repository/org/springframework/boot/spring-boot-test-autoconfigure/2.4.3/spring-boot-test-autoconfigure-2.4.3.jar:/home/odey/.m2/repository/com/jayway/jsonpath/json-path/2.4.0/json-path-2.4.0.jar:/home/odey/.m2/repository/net/minidev/json-smart/2.3/json-smart-2.3.jar:/home/odey/.m2/repository/net/minidev/accessors-smart/1.2/accessors-smart-1.2.jar:/home/odey/.m2/repository/org/ow2/asm/asm/5.0.4/asm-5.0.4.jar:/home/odey/.m2/repository/jakarta/xml/bind/jakarta.xml.bind-api/2.3.3/jakarta.xml.bind-api-2.3.3.jar:/home/odey/.m2/repository/jakarta/activation/jakarta.activation-api/1.2.2/jakarta.activation-api-1.2.2.jar:/home/odey/.m2/repository/org/assertj/assertj-core/3.18.1/assertj-core-3.18.1.jar:/home/odey/.m2/repository/org/hamcrest/hamcrest/2.2/hamcrest-2.2.jar:/home/odey/.m2/repository/org/junit/jupiter/junit-jupiter/5.7.1/junit-jupiter-5.7.1.jar:/home/odey/.m2/repository/org/junit/jupiter/junit-jupiter-api/5.7.1/junit-jupiter-api-5.7.1.jar:/home/odey/.m2/repository/org/opentest4j/opentest4j/1.2.0/opentest4j-1.2.0.jar:/home/odey/.m2/repository/org/junit/platform/junit-platform-commons/1.7.1/junit-platform-commons-1.7.1.jar:/home/odey/.m2/repository/org/junit/jupiter/junit-jupiter-params/5.7.1/junit-jupiter-params-5.7.1.jar:/home/odey/.m2/repository/org/junit/jupiter/junit-jupiter-engine/5.7.1/junit-jupiter-engine-5.7.1.jar:/home/odey/.m2/repository/org/junit/platform/junit-platform-engine/1.7.1/junit-platform-engine-1.7.1.jar:/home/odey/.m2/repository/org/mockito/mockito-core/3.6.28/mockito-core-3.6.28.jar:/home/odey/.m2/repository/net/bytebuddy/byte-buddy-agent/1.10.20/byte-buddy-agent-1.10.20.jar:/home/odey/.m2/repository/org/objenesis/objenesis/3.1/objenesis-3.1.jar:/home/odey/.m2/repository/org/mockito/mockito-junit-jupiter/3.6.28/mockito-junit-jupiter-3.6.28.jar:/home/odey/.m2/repository/org/skyscreamer/jsonassert/1.5.0/jsonassert-1.5.0.jar:/home/odey/.m2/repository/com/vaadin/external/google/android-json/0.0.20131108.vaadin1/android-json-0.0.20131108.vaadin1.jar:/home/odey/.m2/repository/org/xmlunit/xmlunit-core/2.7.0/xmlunit-core-2.7.0.jar:/home/odey/.m2/repository/org/projectlombok/lombok/1.18.18/lombok-1.18.18.jar:/home/odey/.m2/repository/org/springframework/boot/spring-boot-starter-validation/2.4.3/spring-boot-starter-validation-2.4.3.jar:/home/odey/.m2/repository/org/glassfish/jakarta.el/3.0.3/jakarta.el-3.0.3.jar:/home/odey/.m2/repository/org/hibernate/validator/hibernate-validator/6.1.7.Final/hibernate-validator-6.1.7.Final.jar:/home/odey/.m2/repository/jakarta/validation/jakarta.validation-api/2.0.2/jakarta.validation-api-2.0.2.jar:/home/odey/.m2/repository/org/apache/commons/commons-lang3/3.8.1/commons-lang3-3.8.1.jar:/home/odey/.m2/repository/org/modelmapper/modelmapper/0.7.5/modelmapper-0.7.5.jar:/home/odey/.m2/repository/io/cucumber/cucumber-java/6.8.1/cucumber-java-6.8.1.jar:/home/odey/.m2/repository/io/cucumber/cucumber-core/6.8.1/cucumber-core-6.8.1.jar:/home/odey/.m2/repository/io/cucumber/cucumber-gherkin/6.8.1/cucumber-gherkin-6.8.1.jar:/home/odey/.m2/repository/io/cucumber/cucumber-gherkin-messages/6.8.1/cucumber-gherkin-messages-6.8.1.jar:/home/odey/.m2/repository/io/cucumber/messages/13.1.0/messages-13.1.0.jar:/home/odey/.m2/repository/io/cucumber/tag-expressions/3.0.0/tag-expressions-3.0.0.jar:/home/odey/.m2/repository/io/cucumber/datatable/3.5.0/datatable-3.5.0.jar:/home/odey/.m2/repository/io/cucumber/cucumber-plugin/6.8.1/cucumber-plugin-6.8.1.jar:/home/odey/.m2/repository/io/cucumber/docstring/6.8.1/docstring-6.8.1.jar:/home/odey/.m2/repository/io/cucumber/html-formatter/9.0.0/html-formatter-9.0.0.jar:/home/odey/.m2/repository/io/cucumber/create-meta/2.0.2/create-meta-2.0.2.jar:/home/odey/.m2/repository/org/apiguardian/apiguardian-api/1.1.0/apiguardian-api-1.1.0.jar:/home/odey/.m2/repository/io/cucumber/cucumber-spring/4.2.0/cucumber-spring-4.2.0.jar:/home/odey/.m2/repository/net/masterthought/cucumber-reporting/4.2.3/cucumber-reporting-4.2.3.jar:/home/odey/.m2/repository/com/fasterxml/jackson/core/jackson-databind/2.11.4/jackson-databind-2.11.4.jar:/home/odey/.m2/repository/com/fasterxml/jackson/core/jackson-annotations/2.11.4/jackson-annotations-2.11.4.jar:/home/odey/.m2/repository/com/fasterxml/jackson/core/jackson-core/2.11.4/jackson-core-2.11.4.jar:/home/odey/.m2/repository/org/apache/velocity/velocity/1.7/velocity-1.7.jar:/home/odey/.m2/repository/commons-collections/commons-collections/3.2.1/commons-collections-3.2.1.jar:/home/odey/.m2/repository/commons-lang/commons-lang/2.4/commons-lang-2.4.jar:/home/odey/.m2/repository/velocity-tools/velocity-tools/1.4/velocity-tools-1.4.jar:/home/odey/.m2/repository/joda-time/joda-time/2.10.1/joda-time-2.10.1.jar:/home/odey/.m2/repository/commons-io/commons-io/2.6/commons-io-2.6.jar:/home/odey/.m2/repository/org/codehaus/plexus/plexus-utils/3.1.0/plexus-utils-3.1.0.jar:/home/odey/.m2/repository/org/jsoup/jsoup/1.11.3/jsoup-1.11.3.jar:/home/odey/.m2/repository/com/googlecode/owasp-java-html-sanitizer/owasp-java-html-sanitizer/20181114.1/owasp-java-html-sanitizer-20181114.1.jar:/home/odey/.m2/repository/com/google/guava/guava/19.0/guava-19.0.jar:/home/odey/.m2/repository/commons-configuration/commons-configuration/1.10/commons-configuration-1.10.jar:/home/odey/.m2/repository/commons-logging/commons-logging/1.1.1/commons-logging-1.1.1.jar:/home/odey/.m2/repository/org/springframework/boot/spring-boot-test/2.4.3/spring-boot-test-2.4.3.jar:/home/odey/.m2/repository/org/springframework/spring-test/5.3.4/spring-test-5.3.4.jar:/home/odey/.m2/repository/io/cucumber/cucumber-junit/4.2.0/cucumber-junit-4.2.0.jar:/home/odey/.m2/repository/junit/junit/4.13.2/junit-4.13.2.jar:/home/odey/.m2/repository/org/hamcrest/hamcrest-core/2.2/hamcrest-core-2.2.jar:/home/odey/.m2/repository/io/cucumber/cucumber-expressions/6.0.1/cucumber-expressions-6.0.1.jar:"/>
    <property name="java.vm.vendor" value="Oracle Corporation"/>
    <property name="sun.arch.data.model" value="64"/>
    <property name="java.vendor.url" value="https://java.oracle.com/"/>
    <property name="os.name" value="Linux"/>
    <property name="java.vm.specification.version" value="15"/>
    <property name="sun.java.launcher" value="SUN_STANDARD"/>
    <property name="user.country" value="GB"/>
    <property name="sun.boot.library.path" value="/usr/lib/jvm/jdk-15.0.2/lib"/>
    <property name="sun.java.command" value="/home/odey/IdeaProjects/webservice-abstraction-app/target/surefire/surefirebooter13595943260341379519.jar /home/odey/IdeaProjects/webservice-abstraction-app/target/surefire 2021-04-23T23-50-14_475-jvmRun1 surefire10240508038853874841tmp surefire_012877367825081758385tmp"/>
    <property name="jdk.debug" value="release"/>
    <property name="surefire.test.class.path" value="/home/odey/IdeaProjects/webservice-abstraction-app/target/test-classes:/home/odey/IdeaProjects/webservice-abstraction-app/target/classes:/home/odey/.m2/repository/org/springframework/boot/spring-boot-starter/2.4.3/spring-boot-starter-2.4.3.jar:/home/odey/.m2/repository/org/springframework/boot/spring-boot/2.4.3/spring-boot-2.4.3.jar:/home/odey/.m2/repository/org/springframework/spring-context/5.3.4/spring-context-5.3.4.jar:/home/odey/.m2/repository/org/springframework/boot/spring-boot-autoconfigure/2.4.3/spring-boot-autoconfigure-2.4.3.jar:/home/odey/.m2/repository/org/springframework/boot/spring-boot-starter-logging/2.4.3/spring-boot-starter-logging-2.4.3.jar:/home/odey/.m2/repository/ch/qos/logback/logback-classic/1.2.3/logback-classic-1.2.3.jar:/home/odey/.m2/repository/ch/qos/logback/logback-core/1.2.3/logback-core-1.2.3.jar:/home/odey/.m2/repository/org/apache/logging/log4j/log4j-to-slf4j/2.13.3/log4j-to-slf4j-2.13.3.jar:/home/odey/.m2/repository/org/apache/logging/log4j/log4j-api/2.13.3/log4j-api-2.13.3.jar:/home/odey/.m2/repository/org/slf4j/jul-to-slf4j/1.7.30/jul-to-slf4j-1.7.30.jar:/home/odey/.m2/repository/jakarta/annotation/jakarta.annotation-api/1.3.5/jakarta.annotation-api-1.3.5.jar:/home/odey/.m2/repository/org/springframework/spring-core/5.3.4/spring-core-5.3.4.jar:/home/odey/.m2/repository/org/springframework/spring-jcl/5.3.4/spring-jcl-5.3.4.jar:/home/odey/.m2/repository/org/yaml/snakeyaml/1.27/snakeyaml-1.27.jar:/home/odey/.m2/repository/org/springframework/boot/spring-boot-starter-data-jpa/2.4.3/spring-boot-starter-data-jpa-2.4.3.jar:/home/odey/.m2/repository/org/springframework/boot/spring-boot-starter-aop/2.4.3/spring-boot-starter-aop-2.4.3.jar:/home/odey/.m2/repository/org/springframework/spring-aop/5.3.4/spring-aop-5.3.4.jar:/home/odey/.m2/repository/org/aspectj/aspectjweaver/1.9.6/aspectjweaver-1.9.6.jar:/home/odey/.m2/repository/org/springframework/boot/spring-boot-starter-jdbc/2.4.3/spring-boot-starter-jdbc-2.4.3.jar:/home/odey/.m2/repository/com/zaxxer/HikariCP/3.4.5/HikariCP-3.4.5.jar:/home/odey/.m2/repository/org/springframework/spring-jdbc/5.3.4/spring-jdbc-5.3.4.jar:/home/odey/.m2/repository/jakarta/transaction/jakarta.transaction-api/1.3.3/jakarta.transaction-api-1.3.3.jar:/home/odey/.m2/repository/jakarta/persistence/jakarta.persistence-api/2.2.3/jakarta.persistence-api-2.2.3.jar:/home/odey/.m2/repository/org/hibernate/hibernate-core/5.4.28.Final/hibernate-core-5.4.28.Final.jar:/home/odey/.m2/repository/org/jboss/logging/jboss-logging/3.4.1.Final/jboss-logging-3.4.1.Final.jar:/home/odey/.m2/repository/org/javassist/javassist/3.27.0-GA/javassist-3.27.0-GA.jar:/home/odey/.m2/repository/net/bytebuddy/byte-buddy/1.10.20/byte-buddy-1.10.20.jar:/home/odey/.m2/repository/antlr/antlr/2.7.7/antlr-2.7.7.jar:/home/odey/.m2/repository/org/jboss/jandex/2.2.3.Final/jandex-2.2.3.Final.jar:/home/odey/.m2/repository/com/fasterxml/classmate/1.5.1/classmate-1.5.1.jar:/home/odey/.m2/repository/org/dom4j/dom4j/2.1.3/dom4j-2.1.3.jar:/home/odey/.m2/repository/org/hibernate/common/hibernate-commons-annotations/5.1.2.Final/hibernate-commons-annotations-5.1.2.Final.jar:/home/odey/.m2/repository/org/glassfish/jaxb/jaxb-runtime/2.3.3/jaxb-runtime-2.3.3.jar:/home/odey/.m2/repository/org/glassfish/jaxb/txw2/2.3.3/txw2-2.3.3.jar:/home/odey/.m2/repository/com/sun/istack/istack-commons-runtime/3.0.11/istack-commons-runtime-3.0.11.jar:/home/odey/.m2/repository/com/sun/activation/jakarta.activation/1.2.2/jakarta.activation-1.2.2.jar:/home/odey/.m2/repository/org/springframework/data/spring-data-jpa/2.4.5/spring-data-jpa-2.4.5.jar:/home/odey/.m2/repository/org/springframework/data/spring-data-commons/2.4.5/spring-data-commons-2.4.5.jar:/home/odey/.m2/repository/org/springframework/spring-orm/5.3.4/spring-orm-5.3.4.jar:/home/odey/.m2/repository/org/springframework/spring-tx/5.3.4/spring-tx-5.3.4.jar:/home/odey/.m2/repository/org/springframework/spring-beans/5.3.4/spring-beans-5.3.4.jar:/home/odey/.m2/repository/org/slf4j/slf4j-api/1.7.30/slf4j-api-1.7.30.jar:/home/odey/.m2/repository/org/springframework/spring-aspects/5.3.4/spring-aspects-5.3.4.jar:/home/odey/.m2/repository/org/springframework/boot/spring-boot-starter-web/2.4.3/spring-boot-starter-web-2.4.3.jar:/home/odey/.m2/repository/org/springframework/boot/spring-boot-starter-json/2.4.3/spring-boot-starter-json-2.4.3.jar:/home/odey/.m2/repository/com/fasterxml/jackson/datatype/jackson-datatype-jdk8/2.11.4/jackson-datatype-jdk8-2.11.4.jar:/home/odey/.m2/repository/com/fasterxml/jackson/datatype/jackson-datatype-jsr310/2.11.4/jackson-datatype-jsr310-2.11.4.jar:/home/odey/.m2/repository/com/fasterxml/jackson/module/jackson-module-parameter-names/2.11.4/jackson-module-parameter-names-2.11.4.jar:/home/odey/.m2/repository/org/springframework/boot/spring-boot-starter-tomcat/2.4.3/spring-boot-starter-tomcat-2.4.3.jar:/home/odey/.m2/repository/org/apache/tomcat/embed/tomcat-embed-core/9.0.43/tomcat-embed-core-9.0.43.jar:/home/odey/.m2/repository/org/apache/tomcat/embed/tomcat-embed-websocket/9.0.43/tomcat-embed-websocket-9.0.43.jar:/home/odey/.m2/repository/org/springframework/spring-web/5.3.4/spring-web-5.3.4.jar:/home/odey/.m2/repository/org/springframework/spring-webmvc/5.3.4/spring-webmvc-5.3.4.jar:/home/odey/.m2/repository/org/springframework/spring-expression/5.3.4/spring-expression-5.3.4.jar:/home/odey/.m2/repository/org/mariadb/jdbc/mariadb-java-client/2.7.2/mariadb-java-client-2.7.2.jar:/home/odey/.m2/repository/mysql/mysql-connector-java/8.0.23/mysql-connector-java-8.0.23.jar:/home/odey/.m2/repository/org/springframework/boot/spring-boot-starter-test/2.4.3/spring-boot-starter-test-2.4.3.jar:/home/odey/.m2/repository/org/springframework/boot/spring-boot-test-autoconfigure/2.4.3/spring-boot-test-autoconfigure-2.4.3.jar:/home/odey/.m2/repository/com/jayway/jsonpath/json-path/2.4.0/json-path-2.4.0.jar:/home/odey/.m2/repository/net/minidev/json-smart/2.3/json-smart-2.3.jar:/home/odey/.m2/repository/net/minidev/accessors-smart/1.2/accessors-smart-1.2.jar:/home/odey/.m2/repository/org/ow2/asm/asm/5.0.4/asm-5.0.4.jar:/home/odey/.m2/repository/jakarta/xml/bind/jakarta.xml.bind-api/2.3.3/jakarta.xml.bind-api-2.3.3.jar:/home/odey/.m2/repository/jakarta/activation/jakarta.activation-api/1.2.2/jakarta.activation-api-1.2.2.jar:/home/odey/.m2/repository/org/assertj/assertj-core/3.18.1/assertj-core-3.18.1.jar:/home/odey/.m2/repository/org/hamcrest/hamcrest/2.2/hamcrest-2.2.jar:/home/odey/.m2/repository/org/junit/jupiter/junit-jupiter/5.7.1/junit-jupiter-5.7.1.jar:/home/odey/.m2/repository/org/junit/jupiter/junit-jupiter-api/5.7.1/junit-jupiter-api-5.7.1.jar:/home/odey/.m2/repository/org/opentest4j/opentest4j/1.2.0/opentest4j-1.2.0.jar:/home/odey/.m2/repository/org/junit/platform/junit-platform-commons/1.7.1/junit-platform-commons-1.7.1.jar:/home/odey/.m2/repository/org/junit/jupiter/junit-jupiter-params/5.7.1/junit-jupiter-params-5.7.1.jar:/home/odey/.m2/repository/org/junit/jupiter/junit-jupiter-engine/5.7.1/junit-jupiter-engine-5.7.1.jar:/home/odey/.m2/repository/org/junit/platform/junit-platform-engine/1.7.1/junit-platform-engine-1.7.1.jar:/home/odey/.m2/repository/org/mockito/mockito-core/3.6.28/mockito-core-3.6.28.jar:/home/odey/.m2/repository/net/bytebuddy/byte-buddy-agent/1.10.20/byte-buddy-agent-1.10.20.jar:/home/odey/.m2/repository/org/objenesis/objenesis/3.1/objenesis-3.1.jar:/home/odey/.m2/repository/org/mockito/mockito-junit-jupiter/3.6.28/mockito-junit-jupiter-3.6.28.jar:/home/odey/.m2/repository/org/skyscreamer/jsonassert/1.5.0/jsonassert-1.5.0.jar:/home/odey/.m2/repository/com/vaadin/external/google/android-json/0.0.20131108.vaadin1/android-json-0.0.20131108.vaadin1.jar:/home/odey/.m2/repository/org/xmlunit/xmlunit-core/2.7.0/xmlunit-core-2.7.0.jar:/home/odey/.m2/repository/org/projectlombok/lombok/1.18.18/lombok-1.18.18.jar:/home/odey/.m2/repository/org/springframework/boot/spring-boot-starter-validation/2.4.3/spring-boot-starter-validation-2.4.3.jar:/home/odey/.m2/repository/org/glassfish/jakarta.el/3.0.3/jakarta.el-3.0.3.jar:/home/odey/.m2/repository/org/hibernate/validator/hibernate-validator/6.1.7.Final/hibernate-validator-6.1.7.Final.jar:/home/odey/.m2/repository/jakarta/validation/jakarta.validation-api/2.0.2/jakarta.validation-api-2.0.2.jar:/home/odey/.m2/repository/org/apache/commons/commons-lang3/3.8.1/commons-lang3-3.8.1.jar:/home/odey/.m2/repository/org/modelmapper/modelmapper/0.7.5/modelmapper-0.7.5.jar:/home/odey/.m2/repository/io/cucumber/cucumber-java/6.8.1/cucumber-java-6.8.1.jar:/home/odey/.m2/repository/io/cucumber/cucumber-core/6.8.1/cucumber-core-6.8.1.jar:/home/odey/.m2/repository/io/cucumber/cucumber-gherkin/6.8.1/cucumber-gherkin-6.8.1.jar:/home/odey/.m2/repository/io/cucumber/cucumber-gherkin-messages/6.8.1/cucumber-gherkin-messages-6.8.1.jar:/home/odey/.m2/repository/io/cucumber/messages/13.1.0/messages-13.1.0.jar:/home/odey/.m2/repository/io/cucumber/tag-expressions/3.0.0/tag-expressions-3.0.0.jar:/home/odey/.m2/repository/io/cucumber/datatable/3.5.0/datatable-3.5.0.jar:/home/odey/.m2/repository/io/cucumber/cucumber-plugin/6.8.1/cucumber-plugin-6.8.1.jar:/home/odey/.m2/repository/io/cucumber/docstring/6.8.1/docstring-6.8.1.jar:/home/odey/.m2/repository/io/cucumber/html-formatter/9.0.0/html-formatter-9.0.0.jar:/home/odey/.m2/repository/io/cucumber/create-meta/2.0.2/create-meta-2.0.2.jar:/home/odey/.m2/repository/org/apiguardian/apiguardian-api/1.1.0/apiguardian-api-1.1.0.jar:/home/odey/.m2/repository/io/cucumber/cucumber-spring/4.2.0/cucumber-spring-4.2.0.jar:/home/odey/.m2/repository/net/masterthought/cucumber-reporting/4.2.3/cucumber-reporting-4.2.3.jar:/home/odey/.m2/repository/com/fasterxml/jackson/core/jackson-databind/2.11.4/jackson-databind-2.11.4.jar:/home/odey/.m2/repository/com/fasterxml/jackson/core/jackson-annotations/2.11.4/jackson-annotations-2.11.4.jar:/home/odey/.m2/repository/com/fasterxml/jackson/core/jackson-core/2.11.4/jackson-core-2.11.4.jar:/home/odey/.m2/repository/org/apache/velocity/velocity/1.7/velocity-1.7.jar:/home/odey/.m2/repository/commons-collections/commons-collections/3.2.1/commons-collections-3.2.1.jar:/home/odey/.m2/repository/commons-lang/commons-lang/2.4/commons-lang-2.4.jar:/home/odey/.m2/repository/velocity-tools/velocity-tools/1.4/velocity-tools-1.4.jar:/home/odey/.m2/repository/joda-time/joda-time/2.10.1/joda-time-2.10.1.jar:/home/odey/.m2/repository/commons-io/commons-io/2.6/commons-io-2.6.jar:/home/odey/.m2/repository/org/codehaus/plexus/plexus-utils/3.1.0/plexus-utils-3.1.0.jar:/home/odey/.m2/repository/org/jsoup/jsoup/1.11.3/jsoup-1.11.3.jar:/home/odey/.m2/repository/com/googlecode/owasp-java-html-sanitizer/owasp-java-html-sanitizer/20181114.1/owasp-java-html-sanitizer-20181114.1.jar:/home/odey/.m2/repository/com/google/guava/guava/19.0/guava-19.0.jar:/home/odey/.m2/repository/commons-configuration/commons-configuration/1.10/commons-configuration-1.10.jar:/home/odey/.m2/repository/commons-logging/commons-logging/1.1.1/commons-logging-1.1.1.jar:/home/odey/.m2/repository/org/springframework/boot/spring-boot-test/2.4.3/spring-boot-test-2.4.3.jar:/home/odey/.m2/repository/org/springframework/spring-test/5.3.4/spring-test-5.3.4.jar:/home/odey/.m2/repository/io/cucumber/cucumber-junit/4.2.0/cucumber-junit-4.2.0.jar:/home/odey/.m2/repository/junit/junit/4.13.2/junit-4.13.2.jar:/home/odey/.m2/repository/org/hamcrest/hamcrest-core/2.2/hamcrest-core-2.2.jar:/home/odey/.m2/repository/io/cucumber/cucumber-expressions/6.0.1/cucumber-expressions-6.0.1.jar:"/>
    <property name="sun.cpu.endian" value="little"/>
    <property name="user.home" value="/home/odey"/>
    <property name="user.language" value="en"/>
    <property name="java.specification.vendor" value="Oracle Corporation"/>
    <property name="java.version.date" value="2021-01-19"/>
    <property name="java.home" value="/usr/lib/jvm/jdk-15.0.2"/>
    <property name="file.separator" value="/"/>
    <property name="basedir" value="/home/odey/IdeaProjects/webservice-abstraction-app"/>
    <property name="java.vm.compressedOopsMode" value="Zero based"/>
    <property name="line.separator" value="&#10;"/>
    <property name="java.vm.specification.vendor" value="Oracle Corporation"/>
    <property name="java.specification.name" value="Java Platform API Specification"/>
    <property name="surefire.real.class.path" value="/home/odey/IdeaProjects/webservice-abstraction-app/target/surefire/surefirebooter13595943260341379519.jar"/>
    <property name="sun.management.compiler" value="HotSpot 64-Bit Tiered Compilers"/>
    <property name="java.runtime.version" value="15.0.2+7-27"/>
    <property name="user.name" value="odey"/>
    <property name="path.separator" value=":"/>
    <property name="os.version" value="5.8.0-50-generic"/>
    <property name="java.runtime.name" value="Java(TM) SE Runtime Environment"/>
    <property name="file.encoding" value="UTF-8"/>
    <property name="java.vm.name" value="Java HotSpot(TM) 64-Bit Server VM"/>
    <property name="localRepository" value="/home/odey/.m2/repository"/>
    <property name="java.vendor.url.bug" value="https://bugreport.java.com/bugreport/"/>
    <property name="java.io.tmpdir" value="/tmp"/>
    <property name="idea.version" value="2021.1"/>
    <property name="java.version" value="15.0.2"/>
    <property name="user.dir" value="/home/odey/IdeaProjects/webservice-abstraction-app"/>
    <property name="os.arch" value="amd64"/>
    <property name="java.vm.specification.name" value="Java Virtual Machine Specification"/>
    <property name="java.library.path" value="/usr/java/packages/lib:/usr/lib64:/lib64:/lib:/usr/lib"/>
    <property name="java.vm.info" value="mixed mode, sharing"/>
    <property name="java.vendor" value="Oracle Corporation"/>
    <property name="java.vm.version" value="15.0.2+7-27"/>
    <property name="sun.io.unicode.encoding" value="UnicodeLittle"/>
    <property name="java.class.version" value="59.0"/>
  </properties>
  <testcase name="contextLoads" classname="com.example.abstractionapp.webserviceabstractionapp.WebserviceAbstractionAppApplicationTests" time="0.084"/>
</testsuite>